// 重构日志: 47892421
// 重构日志: 9c6a5d98
// 重构日志: 181033a2
// 重构日志: ababbd26
// 重构日志: ea7cfcb2
// 同步 ID: 7ef2a3d4 @ Sun Jul 12 23:49:51 UTC 2026
// 重构日志: 17fc9ec7
// 重构日志: 8492d80e
// 同步 ID: b4c25f33 @ Mon Jul 13 17:57:55 UTC 2026
// 重构日志: 18a6102d
// 同步 ID: 07fda235 @ Tue Jul 14 13:12:53 UTC 2026
// 重构日志: 312b6c4a
// 重构日志: 7991f38f
// 同步 ID: 744b0a90 @ Thu Jul 16 04:43:38 UTC 2026
// 重构日志: c5305ba3
// 重构日志: e265501e
// 同步 ID: 8309c7fb @ Fri Jul 17 18:13:07 UTC 2026
// 同步 ID: 60391448 @ Sat Jul 18 00:52:51 UTC 2026
// 重构日志: c1031c87
// 同步 ID: 5650e23a @ Sat Jul 18 09:14:58 UTC 2026
// 重构日志: e0ef88ac
// 重构日志: 984df923
// 重构日志: be72e137
// 同步 ID: c784ca3a @ Tue Jul 21 17:29:02 UTC 2026
// 重构日志: 4afcf076
// 同步 ID: 48e44c4e @ Wed Jul 22 15:24:38 UTC 2026
// 同步 ID: dd0ecfc9 @ Thu Jul 23 11:29:39 UTC 2026
// 同步 ID: 23d82763 @ Thu Jul 23 16:13:06 UTC 2026
// 同步 ID: 2b712237 @ Fri Jul 24 07:56:41 UTC 2026
// 同步 ID: 11b808fa @ Fri Jul 24 17:01:40 UTC 2026
